# JRE version: 7.0_13-b20
# Java VM: Java HotSpot(TM) 64-Bit Server VM (23.7-b01 mixed mode windows-amd64 compressed oops)
Heap
 PSYoungGen      total 17664K, used 12896K [0x00000000f5560000, 0x00000000f7820000, 0x0000000100000000)
  eden space 14912K, 68% used [0x00000000f5560000,0x00000000f5f56cb8,0x00000000f63f0000)
  from space 2752K, 97% used [0x00000000f7570000,0x00000000f7811658,0x00000000f7820000)
  to   space 3648K, 0% used [0x00000000f7100000,0x00000000f7100000,0x00000000f7490000)
 ParOldGen       total 21888K, used 5596K [0x00000000e0000000, 0x00000000e1560000, 0x00000000f5560000)
  object space 21888K, 25% used [0x00000000e0000000,0x00000000e05770a8,0x00000000e1560000)
 PSPermGen       total 21248K, used 11846K [0x00000000dae00000, 0x00000000dc2c0000, 0x00000000e0000000)
  object space 21248K, 55% used [0x00000000dae00000,0x00000000db991ac0,0x00000000dc2c0000)
GC Heap History (10 events):
Event: 5.051 GC heap before
{Heap before GC invocations=4 (full 0):
 PSYoungGen      total 9536K, used 9536K [0x00000000f5560000, 0x00000000f6800000, 0x0000000100000000)
  eden space 8192K, 100% used [0x00000000f5560000,0x00000000f5d60000,0x00000000f5d60000)
  from space 1344K, 100% used [0x00000000f5d60000,0x00000000f5eb0000,0x00000000f5eb0000)
  to   space 1344K, 0% used [0x00000000f66b0000,0x00000000f66b0000,0x00000000f6800000)
 ParOldGen       total 21888K, used 2499K [0x00000000e0000000, 0x00000000e1560000, 0x00000000f5560000)
  object space 21888K, 11% used [0x00000000e0000000,0x00000000e0270d78,0x00000000e1560000)
 PSPermGen       total 21248K, used 10791K [0x00000000dae00000, 0x00000000dc2c0000, 0x00000000e0000000)
  object space 21248K, 50% used [0x00000000dae00000,0x00000000db889f40,0x00000000dc2c0000)
Event: 5.081 GC heap after
Heap after GC invocations=4 (full 0):
 PSYoungGen      total 17728K, used 1312K [0x00000000f5560000, 0x00000000f6800000, 0x0000000100000000)
  eden space 16384K, 0% used [0x00000000f5560000,0x00000000f5560000,0x00000000f6560000)
  from space 1344K, 97% used [0x00000000f66b0000,0x00000000f67f8020,0x00000000f6800000)
  to   space 1344K, 0% used [0x00000000f6560000,0x00000000f6560000,0x00000000f66b0000)
 ParOldGen       total 21888K, used 4117K [0x00000000e0000000, 0x00000000e1560000, 0x00000000f5560000)
  object space 21888K, 18% used [0x00000000e0000000,0x00000000e0405540,0x00000000e1560000)
 PSPermGen       total 21248K, used 10791K [0x00000000dae00000, 0x00000000dc2c0000, 0x00000000e0000000)
  object space 21248K, 50% used [0x00000000dae00000,0x00000000db889f40,0x00000000dc2c0000)
}
Event: 6.871 GC heap before
{Heap before GC invocations=5 (full 0):
 PSYoungGen      total 17728K, used 17696K [0x00000000f5560000, 0x00000000f6800000, 0x0000000100000000)
  eden space 16384K, 100% used [0x00000000f5560000,0x00000000f6560000,0x00000000f6560000)
  from space 1344K, 97% used [0x00000000f66b0000,0x00000000f67f8020,0x00000000f6800000)
  to   space 1344K, 0% used [0x00000000f6560000,0x00000000f6560000,0x00000000f66b0000)
 ParOldGen       total 21888K, used 4117K [0x00000000e0000000, 0x00000000e1560000, 0x00000000f5560000)
  object space 21888K, 18% used [0x00000000e0000000,0x00000000e0405540,0x00000000e1560000)
 PSPermGen       total 21248K, used 11060K [0x00000000dae00000, 0x00000000dc2c0000, 0x00000000e0000000)
  object space 21248K, 52% used [0x00000000dae00000,0x00000000db8cd010,0x00000000dc2c0000)
Event: 6.876 GC heap after
Heap after GC invocations=5 (full 0):
 PSYoungGen      total 17728K, used 1328K [0x00000000f5560000, 0x00000000f7c40000, 0x0000000100000000)
  eden space 16384K, 0% used [0x00000000f5560000,0x00000000f5560000,0x00000000f6560000)
  from space 1344K, 98% used [0x00000000f6560000,0x00000000f66ac010,0x00000000f66b0000)
  to   space 3520K, 0% used [0x00000000f78d0000,0x00000000f78d0000,0x00000000f7c40000)
 ParOldGen       total 21888K, used 4513K [0x00000000e0000000, 0x00000000e1560000, 0x00000000f5560000)
  object space 21888K, 20% used [0x00000000e0000000,0x00000000e0468708,0x00000000e1560000)
 PSPermGen       total 21248K, used 11060K [0x00000000dae00000, 0x00000000dc2c0000, 0x00000000e0000000)
  object space 21248K, 52% used [0x00000000dae00000,0x00000000db8cd010,0x00000000dc2c0000)
}
Event: 7.887 GC heap before
{Heap before GC invocations=6 (full 0):
 PSYoungGen      total 17728K, used 17712K [0x00000000f5560000, 0x00000000f7c40000, 0x0000000100000000)
  eden space 16384K, 100% used [0x00000000f5560000,0x00000000f6560000,0x00000000f6560000)
  from space 1344K, 98% used [0x00000000f6560000,0x00000000f66ac010,0x00000000f66b0000)
  to   space 3520K, 0% used [0x00000000f78d0000,0x00000000f78d0000,0x00000000f7c40000)
 ParOldGen       total 21888K, used 4513K [0x00000000e0000000, 0x00000000e1560000, 0x00000000f5560000)
  object space 21888K, 20% used [0x00000000e0000000,0x00000000e0468708,0x00000000e1560000)
 PSPermGen       total 21248K, used 11121K [0x00000000dae00000, 0x00000000dc2c0000, 0x00000000e0000000)
  object space 21248K, 52% used [0x00000000dae00000,0x00000000db8dc7b0,0x00000000dc2c0000)
Event: 7.891 GC heap after
Heap after GC invocations=6 (full 0):
 PSYoungGen      total 17408K, used 1472K [0x00000000f5560000, 0x00000000f7a50000, 0x0000000100000000)
  eden space 15872K, 0% used [0x00000000f5560000,0x00000000f5560000,0x00000000f64e0000)
  from space 1536K, 95% used [0x00000000f78d0000,0x00000000f7a40320,0x00000000f7a50000)
  to   space 3520K, 0% used [0x00000000f7370000,0x00000000f7370000,0x00000000f76e0000)
 ParOldGen       total 21888K, used 4513K [0x00000000e0000000, 0x00000000e1560000, 0x00000000f5560000)
  object space 21888K, 20% used [0x00000000e0000000,0x00000000e0468708,0x00000000e1560000)
 PSPermGen       total 21248K, used 11121K [0x00000000dae00000, 0x00000000dc2c0000, 0x00000000e0000000)
  object space 21248K, 52% used [0x00000000dae00000,0x00000000db8dc7b0,0x00000000dc2c0000)
}
Event: 8.688 GC heap before
{Heap before GC invocations=7 (full 0):
 PSYoungGen      total 17408K, used 17344K [0x00000000f5560000, 0x00000000f7a50000, 0x0000000100000000)
  eden space 15872K, 100% used [0x00000000f5560000,0x00000000f64e0000,0x00000000f64e0000)
  from space 1536K, 95% used [0x00000000f78d0000,0x00000000f7a40320,0x00000000f7a50000)
  to   space 3520K, 0% used [0x00000000f7370000,0x00000000f7370000,0x00000000f76e0000)
 ParOldGen       total 21888K, used 4513K [0x00000000e0000000, 0x00000000e1560000, 0x00000000f5560000)
  object space 21888K, 20% used [0x00000000e0000000,0x00000000e0468708,0x00000000e1560000)
 PSPermGen       total 21248K, used 11166K [0x00000000dae00000, 0x00000000dc2c0000, 0x00000000e0000000)
  object space 21248K, 52% used [0x00000000dae00000,0x00000000db8e7948,0x00000000dc2c0000)
Event: 8.694 GC heap after
Heap after GC invocations=7 (full 0):
 PSYoungGen      total 16512K, used 1152K [0x00000000f5560000, 0x00000000f78e0000, 0x0000000100000000)
  eden space 15360K, 0% used [0x00000000f5560000,0x00000000f5560000,0x00000000f6460000)
  from space 1152K, 100% used [0x00000000f7370000,0x00000000f7490000,0x00000000f7490000)
  to   space 3520K, 0% used [0x00000000f7570000,0x00000000f7570000,0x00000000f78e0000)
 ParOldGen       total 21888K, used 5174K [0x00000000e0000000, 0x00000000e1560000, 0x00000000f5560000)
  object space 21888K, 23% used [0x00000000e0000000,0x00000000e050dbb0,0x00000000e1560000)
 PSPermGen       total 21248K, used 11166K [0x00000000dae00000, 0x00000000dc2c0000, 0x00000000e0000000)
  object space 21248K, 52% used [0x00000000dae00000,0x00000000db8e7948,0x00000000dc2c0000)
}
Event: 9.707 GC heap before
{Heap before GC invocations=8 (full 0):
 PSYoungGen      total 16512K, used 16512K [0x00000000f5560000, 0x00000000f78e0000, 0x0000000100000000)
  eden space 15360K, 100% used [0x00000000f5560000,0x00000000f6460000,0x00000000f6460000)
  from space 1152K, 100% used [0x00000000f7370000,0x00000000f7490000,0x00000000f7490000)
  to   space 3520K, 0% used [0x00000000f7570000,0x00000000f7570000,0x00000000f78e0000)
 ParOldGen       total 21888K, used 5174K [0x00000000e0000000, 0x00000000e1560000, 0x00000000f5560000)
  object space 21888K, 23% used [0x00000000e0000000,0x00000000e050dbb0,0x00000000e1560000)
 PSPermGen       total 21248K, used 11722K [0x00000000dae00000, 0x00000000dc2c0000, 0x00000000e0000000)
  object space 21248K, 55% used [0x00000000dae00000,0x00000000db972860,0x00000000dc2c0000)
Event: 9.715 GC heap after
Heap after GC invocations=8 (full 0):
 PSYoungGen      total 17664K, used 2693K [0x00000000f5560000, 0x00000000f7820000, 0x0000000100000000)
  eden space 14912K, 0% used [0x00000000f5560000,0x00000000f5560000,0x00000000f63f0000)
  from space 2752K, 97% used [0x00000000f7570000,0x00000000f7811658,0x00000000f7820000)
  to   space 3648K, 0% used [0x00000000f7100000,0x00000000f7100000,0x00000000f7490000)
 ParOldGen       total 21888K, used 5596K [0x00000000e0000000, 0x00000000e1560000, 0x00000000f5560000)
  object space 21888K, 25% used [0x00000000e0000000,0x00000000e05770a8,0x00000000e1560000)
 PSPermGen       total 21248K, used 11722K [0x00000000dae00000, 0x00000000dc2c0000, 0x00000000e0000000)
  object space 21248K, 55% used [0x00000000dae00000,0x00000000db972860,0x00000000dc2c0000)
}

